Fontconfig warning: ignoring C.UTF-8: not a valid language tag
[INFO  - 2017-05-22T06:30:54.205Z] GhostDriver - Main - running on port 45487
[INFO  - 2017-05-22T06:30:54.963Z] Session [357034a0-3eb8-11e7-8a8e-8f88e458ac78] - page.settings - {"XSSAuditingEnabled":false,"javascriptCanCloseWindows":true,"javascriptCanOpenWindows":true,"javascriptEnabled":true,"loadImages":true,"localToRemoteUrlAccessEnabled":false,"userAgent":"Mozilla/5.0 (Unknown; Linux x86_64) AppleWebKit/538.1 (KHTML, like Gecko) PhantomJS/2.1.1 Safari/538.1","webSecurityEnabled":true}
[INFO  - 2017-05-22T06:30:54.963Z] Session [357034a0-3eb8-11e7-8a8e-8f88e458ac78] - page.customHeaders:  - {}
[INFO  - 2017-05-22T06:30:54.963Z] Session [357034a0-3eb8-11e7-8a8e-8f88e458ac78] - Session.negotiatedCapabilities - {"browserName":"phantomjs","version":"2.1.1","driverName":"ghostdriver","driverVersion":"1.2.0","platform":"linux-unknown-64bit","javascriptEnabled":true,"takesScreenshot":true,"handlesAlerts":false,"databaseEnabled":false,"locationContextEnabled":false,"applicationCacheEnabled":false,"browserConnectionEnabled":false,"cssSelectorsEnabled":true,"webStorageEnabled":false,"rotatable":false,"acceptSslCerts":false,"nativeEvents":true,"proxy":{"proxyType":"direct"},"phantomjs.page.settings.loadImages":true}
[INFO  - 2017-05-22T06:30:54.963Z] SessionManagerReqHand - _postNewSessionCommand - New Session Created: 357034a0-3eb8-11e7-8a8e-8f88e458ac78
[INFO  - 2017-05-22T06:35:52.154Z] SessionManagerReqHand - _cleanupWindowlessSessions - Asynchronous Sessions clean-up phase starting NOW
[INFO  - 2017-05-22T06:40:52.439Z] SessionManagerReqHand - _cleanupWindowlessSessions - Asynchronous Sessions clean-up phase starting NOW
[INFO  - 2017-05-22T06:45:52.438Z] SessionManagerReqHand - _cleanupWindowlessSessions - Asynchronous Sessions clean-up phase starting NOW
[INFO  - 2017-05-22T06:50:52.438Z] SessionManagerReqHand - _cleanupWindowlessSessions - Asynchronous Sessions clean-up phase starting NOW
[INFO  - 2017-05-22T06:55:52.438Z] SessionManagerReqHand - _cleanupWindowlessSessions - Asynchronous Sessions clean-up phase starting NOW
[INFO  - 2017-05-22T07:00:52.438Z] SessionManagerReqHand - _cleanupWindowlessSessions - Asynchronous Sessions clean-up phase starting NOW
[INFO  - 2017-05-22T07:05:52.438Z] SessionManagerReqHand - _cleanupWindowlessSessions - Asynchronous Sessions clean-up phase starting NOW
[INFO  - 2017-05-22T07:10:52.438Z] SessionManagerReqHand - _cleanupWindowlessSessions - Asynchronous Sessions clean-up phase starting NOW
[INFO  - 2017-05-22T07:15:52.452Z] SessionManagerReqHand - _cleanupWindowlessSessions - Asynchronous Sessions clean-up phase starting NOW
[INFO  - 2017-05-22T07:20:52.443Z] SessionManagerReqHand - _cleanupWindowlessSessions - Asynchronous Sessions clean-up phase starting NOW
[INFO  - 2017-05-22T07:25:52.455Z] SessionManagerReqHand - _cleanupWindowlessSessions - Asynchronous Sessions clean-up phase starting NOW
events.js:141
      throw er; // Unhandled 'error' event
      ^

Error: read EIO
    at exports._errnoException (util.js:907:11)
    at TTY.onread (net.js:557:26)
